2018-12-04 20:26:54,382 INFO 16692 [egg:logger] init all loggers with options: {"dir":"/Users/mac/Roy_Doc/webSite/admin/server/logs/sequelize-example","encoding":"utf8","env":"local","level":"INFO","consoleLevel":"INFO","disableConsoleAfterReady":false,"outputJSON":false,"buffer":true,"appLogName":"sequelize-example-web.log","coreLogName":"egg-web.log","agentLogName":"egg-agent.log","errorLogName":"common-error.log","coreLogger":{"consoleLevel":"WARN"},"allowDebugAtProd":false,"type":"application"}
2018-12-04 20:26:54,412 INFO 16692 [egg-schedule]: register schedule /Users/mac/Roy_Doc/webSite/admin/server/node_modules/egg-logrotator/app/schedule/clean_log.js
2018-12-04 20:26:54,412 INFO 16692 [egg-schedule]: register schedule /Users/mac/Roy_Doc/webSite/admin/server/node_modules/egg-logrotator/app/schedule/rotate_by_file.js
2018-12-04 20:26:54,413 INFO 16692 [egg-multipart] stream mode enable
2018-12-04 20:26:54,707 INFO 16692 [egg-static] starting static serve /public/ -> /Users/mac/Roy_Doc/webSite/admin/server/app/public
2018-12-04 20:26:54,710 INFO 16692 [egg-security] use methodnoallow middleware
2018-12-04 20:26:54,711 INFO 16692 [egg-security] use noopen middleware
2018-12-04 20:26:54,712 INFO 16692 [egg-security] use nosniff middleware
2018-12-04 20:26:54,713 INFO 16692 [egg-security] use xssProtection middleware
2018-12-04 20:26:54,714 INFO 16692 [egg-security] use xframe middleware
2018-12-04 20:26:54,715 INFO 16692 [egg-security] use dta middleware
2018-12-04 20:26:54,715 INFO 16692 [egg-security] compose 6 middlewares into one security middleware
2018-12-04 20:26:54,739 INFO 16692 [egg:core] dump config after load, 5ms
2018-12-04 20:26:54,774 INFO 16692 [egg-watcher:application] watcher start success
2018-12-04 20:26:54,798 INFO 16692 [egg:core] dump config after ready, 3ms
2018-12-04 20:29:32,592 WARN 16692 [http_server] A request `GET /favicon.ico` timeout with client (::1:54281)
2018-12-04 20:31:12,388 WARN 16692 [http_server] A request `POST /code` timeout with client (::1:54315)
2018-12-04 20:32:44,342 WARN 16692 [http_server] A request `POST /signin` timeout with client (::1:54326)
2018-12-04 20:33:03,815 INFO 16863 [egg:logger] init all loggers with options: {"dir":"/Users/mac/Roy_Doc/webSite/admin/server/logs/sequelize-example","encoding":"utf8","env":"local","level":"INFO","consoleLevel":"INFO","disableConsoleAfterReady":false,"outputJSON":false,"buffer":true,"appLogName":"sequelize-example-web.log","coreLogName":"egg-web.log","agentLogName":"egg-agent.log","errorLogName":"common-error.log","coreLogger":{"consoleLevel":"WARN"},"allowDebugAtProd":false,"type":"application"}
2018-12-04 20:33:03,856 INFO 16863 [egg-schedule]: register schedule /Users/mac/Roy_Doc/webSite/admin/server/node_modules/egg-logrotator/app/schedule/clean_log.js
2018-12-04 20:33:03,856 INFO 16863 [egg-schedule]: register schedule /Users/mac/Roy_Doc/webSite/admin/server/node_modules/egg-logrotator/app/schedule/rotate_by_file.js
2018-12-04 20:33:03,857 INFO 16863 [egg-multipart] stream mode enable
2018-12-04 20:33:04,349 INFO 16863 [egg-static] starting static serve /public/ -> /Users/mac/Roy_Doc/webSite/admin/server/app/public
2018-12-04 20:33:04,352 INFO 16863 [egg-security] use methodnoallow middleware
2018-12-04 20:33:04,353 INFO 16863 [egg-security] use noopen middleware
2018-12-04 20:33:04,354 INFO 16863 [egg-security] use nosniff middleware
2018-12-04 20:33:04,355 INFO 16863 [egg-security] use xssProtection middleware
2018-12-04 20:33:04,356 INFO 16863 [egg-security] use xframe middleware
2018-12-04 20:33:04,356 INFO 16863 [egg-security] use dta middleware
2018-12-04 20:33:04,356 INFO 16863 [egg-security] compose 6 middlewares into one security middleware
2018-12-04 20:33:04,375 INFO 16863 [egg:core] dump config after load, 5ms
2018-12-04 20:33:04,402 INFO 16863 [egg-watcher:application] watcher start success
2018-12-04 20:33:04,440 INFO 16863 [egg:core] dump config after ready, 3ms
2018-12-04 20:33:23,077 WARN 16863 [http_server] A request `POST /signin` timeout with client (::1:54334)
2018-12-04 20:33:47,793 INFO 16884 [egg:logger] init all loggers with options: {"dir":"/Users/mac/Roy_Doc/webSite/admin/server/logs/sequelize-example","encoding":"utf8","env":"local","level":"INFO","consoleLevel":"INFO","disableConsoleAfterReady":false,"outputJSON":false,"buffer":true,"appLogName":"sequelize-example-web.log","coreLogName":"egg-web.log","agentLogName":"egg-agent.log","errorLogName":"common-error.log","coreLogger":{"consoleLevel":"WARN"},"allowDebugAtProd":false,"type":"application"}
2018-12-04 20:33:47,822 INFO 16884 [egg-schedule]: register schedule /Users/mac/Roy_Doc/webSite/admin/server/node_modules/egg-logrotator/app/schedule/clean_log.js
2018-12-04 20:33:47,822 INFO 16884 [egg-schedule]: register schedule /Users/mac/Roy_Doc/webSite/admin/server/node_modules/egg-logrotator/app/schedule/rotate_by_file.js
2018-12-04 20:33:47,823 INFO 16884 [egg-multipart] stream mode enable
2018-12-04 20:33:48,055 INFO 16884 [egg-static] starting static serve /public/ -> /Users/mac/Roy_Doc/webSite/admin/server/app/public
2018-12-04 20:33:48,059 INFO 16884 [egg-security] use methodnoallow middleware
2018-12-04 20:33:48,059 INFO 16884 [egg-security] use noopen middleware
2018-12-04 20:33:48,059 INFO 16884 [egg-security] use nosniff middleware
2018-12-04 20:33:48,060 INFO 16884 [egg-security] use xssProtection middleware
2018-12-04 20:33:48,060 INFO 16884 [egg-security] use xframe middleware
2018-12-04 20:33:48,060 INFO 16884 [egg-security] use dta middleware
2018-12-04 20:33:48,060 INFO 16884 [egg-security] compose 6 middlewares into one security middleware
2018-12-04 20:33:48,077 INFO 16884 [egg:core] dump config after load, 4ms
2018-12-04 20:33:48,124 INFO 16884 [egg-watcher:application] watcher start success
2018-12-04 20:33:48,160 INFO 16884 [egg:core] dump config after ready, 5ms
2018-12-04 20:33:55,366 WARN 16884 [http_server] A request `POST /signin` timeout with client (::1:54343)
2018-12-04 20:34:28,523 WARN 16884 [http_server] A request `POST /signin` timeout with client (::1:54345)
2018-12-04 20:34:37,226 WARN 16884 [http_server] A request `POST /signin` timeout with client (::1:54347)
2018-12-04 20:35:15,488 INFO 16911 [egg:logger] init all loggers with options: {"dir":"/Users/mac/Roy_Doc/webSite/admin/server/logs/sequelize-example","encoding":"utf8","env":"local","level":"INFO","consoleLevel":"INFO","disableConsoleAfterReady":false,"outputJSON":false,"buffer":true,"appLogName":"sequelize-example-web.log","coreLogName":"egg-web.log","agentLogName":"egg-agent.log","errorLogName":"common-error.log","coreLogger":{"consoleLevel":"WARN"},"allowDebugAtProd":false,"type":"application"}
2018-12-04 20:35:15,523 INFO 16911 [egg-schedule]: register schedule /Users/mac/Roy_Doc/webSite/admin/server/node_modules/egg-logrotator/app/schedule/clean_log.js
2018-12-04 20:35:15,523 INFO 16911 [egg-schedule]: register schedule /Users/mac/Roy_Doc/webSite/admin/server/node_modules/egg-logrotator/app/schedule/rotate_by_file.js
2018-12-04 20:35:15,524 INFO 16911 [egg-multipart] stream mode enable
2018-12-04 20:35:15,777 INFO 16911 [egg-static] starting static serve /public/ -> /Users/mac/Roy_Doc/webSite/admin/server/app/public
2018-12-04 20:35:15,779 INFO 16911 [egg-security] use methodnoallow middleware
2018-12-04 20:35:15,780 INFO 16911 [egg-security] use noopen middleware
2018-12-04 20:35:15,780 INFO 16911 [egg-security] use nosniff middleware
2018-12-04 20:35:15,780 INFO 16911 [egg-security] use xssProtection middleware
2018-12-04 20:35:15,781 INFO 16911 [egg-security] use xframe middleware
2018-12-04 20:35:15,781 INFO 16911 [egg-security] use dta middleware
2018-12-04 20:35:15,781 INFO 16911 [egg-security] compose 6 middlewares into one security middleware
2018-12-04 20:35:15,802 INFO 16911 [egg:core] dump config after load, 10ms
2018-12-04 20:35:15,834 INFO 16911 [egg-watcher:application] watcher start success
2018-12-04 20:35:15,851 INFO 16911 [egg:core] dump config after ready, 3ms
2018-12-04 20:35:24,036 WARN 16911 [http_server] A request `POST /signin` timeout with client (::1:54357)
2018-12-04 20:35:47,740 INFO 16924 [egg:logger] init all loggers with options: {"dir":"/Users/mac/Roy_Doc/webSite/admin/server/logs/sequelize-example","encoding":"utf8","env":"local","level":"INFO","consoleLevel":"INFO","disableConsoleAfterReady":false,"outputJSON":false,"buffer":true,"appLogName":"sequelize-example-web.log","coreLogName":"egg-web.log","agentLogName":"egg-agent.log","errorLogName":"common-error.log","coreLogger":{"consoleLevel":"WARN"},"allowDebugAtProd":false,"type":"application"}
2018-12-04 20:35:47,772 INFO 16924 [egg-schedule]: register schedule /Users/mac/Roy_Doc/webSite/admin/server/node_modules/egg-logrotator/app/schedule/clean_log.js
2018-12-04 20:35:47,772 INFO 16924 [egg-schedule]: register schedule /Users/mac/Roy_Doc/webSite/admin/server/node_modules/egg-logrotator/app/schedule/rotate_by_file.js
2018-12-04 20:35:47,772 INFO 16924 [egg-multipart] stream mode enable
2018-12-04 20:35:48,000 INFO 16924 [egg-static] starting static serve /public/ -> /Users/mac/Roy_Doc/webSite/admin/server/app/public
2018-12-04 20:35:48,003 INFO 16924 [egg-security] use methodnoallow middleware
2018-12-04 20:35:48,003 INFO 16924 [egg-security] use noopen middleware
2018-12-04 20:35:48,004 INFO 16924 [egg-security] use nosniff middleware
2018-12-04 20:35:48,004 INFO 16924 [egg-security] use xssProtection middleware
2018-12-04 20:35:48,004 INFO 16924 [egg-security] use xframe middleware
2018-12-04 20:35:48,004 INFO 16924 [egg-security] use dta middleware
2018-12-04 20:35:48,004 INFO 16924 [egg-security] compose 6 middlewares into one security middleware
2018-12-04 20:35:48,020 INFO 16924 [egg:core] dump config after load, 4ms
2018-12-04 20:35:48,052 INFO 16924 [egg-watcher:application] watcher start success
2018-12-04 20:35:48,074 INFO 16924 [egg:core] dump config after ready, 3ms
2018-12-04 20:35:57,629 WARN 16924 [http_server] A request `POST /signin` timeout with client (::1:54364)
2018-12-04 20:36:06,259 INFO 16932 [egg:logger] init all loggers with options: {"dir":"/Users/mac/Roy_Doc/webSite/admin/server/logs/sequelize-example","encoding":"utf8","env":"local","level":"INFO","consoleLevel":"INFO","disableConsoleAfterReady":false,"outputJSON":false,"buffer":true,"appLogName":"sequelize-example-web.log","coreLogName":"egg-web.log","agentLogName":"egg-agent.log","errorLogName":"common-error.log","coreLogger":{"consoleLevel":"WARN"},"allowDebugAtProd":false,"type":"application"}
2018-12-04 20:36:06,298 INFO 16932 [egg-schedule]: register schedule /Users/mac/Roy_Doc/webSite/admin/server/node_modules/egg-logrotator/app/schedule/clean_log.js
2018-12-04 20:36:06,298 INFO 16932 [egg-schedule]: register schedule /Users/mac/Roy_Doc/webSite/admin/server/node_modules/egg-logrotator/app/schedule/rotate_by_file.js
2018-12-04 20:36:06,298 INFO 16932 [egg-multipart] stream mode enable
2018-12-04 20:36:06,540 INFO 16932 [egg-static] starting static serve /public/ -> /Users/mac/Roy_Doc/webSite/admin/server/app/public
2018-12-04 20:36:06,543 INFO 16932 [egg-security] use methodnoallow middleware
2018-12-04 20:36:06,543 INFO 16932 [egg-security] use noopen middleware
2018-12-04 20:36:06,543 INFO 16932 [egg-security] use nosniff middleware
2018-12-04 20:36:06,544 INFO 16932 [egg-security] use xssProtection middleware
2018-12-04 20:36:06,544 INFO 16932 [egg-security] use xframe middleware
2018-12-04 20:36:06,544 INFO 16932 [egg-security] use dta middleware
2018-12-04 20:36:06,544 INFO 16932 [egg-security] compose 6 middlewares into one security middleware
2018-12-04 20:36:06,562 INFO 16932 [egg:core] dump config after load, 6ms
2018-12-04 20:36:06,601 INFO 16932 [egg-watcher:application] watcher start success
2018-12-04 20:36:06,622 INFO 16932 [egg:core] dump config after ready, 5ms
2018-12-04 20:36:12,774 WARN 16932 [http_server] A request `POST /signin` timeout with client (::1:54370)
2018-12-04 20:36:33,091 WARN 16932 [http_server] A request `POST /signin` timeout with client (::1:54374)
2018-12-04 20:37:35,941 INFO 16960 [egg:logger] init all loggers with options: {"dir":"/Users/mac/Roy_Doc/webSite/admin/server/logs/sequelize-example","encoding":"utf8","env":"local","level":"INFO","consoleLevel":"INFO","disableConsoleAfterReady":false,"outputJSON":false,"buffer":true,"appLogName":"sequelize-example-web.log","coreLogName":"egg-web.log","agentLogName":"egg-agent.log","errorLogName":"common-error.log","coreLogger":{"consoleLevel":"WARN"},"allowDebugAtProd":false,"type":"application"}
2018-12-04 20:37:35,995 INFO 16960 [egg-schedule]: register schedule /Users/mac/Roy_Doc/webSite/admin/server/node_modules/egg-logrotator/app/schedule/clean_log.js
2018-12-04 20:37:35,995 INFO 16960 [egg-schedule]: register schedule /Users/mac/Roy_Doc/webSite/admin/server/node_modules/egg-logrotator/app/schedule/rotate_by_file.js
2018-12-04 20:37:35,996 INFO 16960 [egg-multipart] stream mode enable
2018-12-04 20:37:36,222 INFO 16960 [egg-static] starting static serve /public/ -> /Users/mac/Roy_Doc/webSite/admin/server/app/public
2018-12-04 20:37:36,224 INFO 16960 [egg-security] use methodnoallow middleware
2018-12-04 20:37:36,224 INFO 16960 [egg-security] use noopen middleware
2018-12-04 20:37:36,225 INFO 16960 [egg-security] use nosniff middleware
2018-12-04 20:37:36,225 INFO 16960 [egg-security] use xssProtection middleware
2018-12-04 20:37:36,225 INFO 16960 [egg-security] use xframe middleware
2018-12-04 20:37:36,225 INFO 16960 [egg-security] use dta middleware
2018-12-04 20:37:36,225 INFO 16960 [egg-security] compose 6 middlewares into one security middleware
2018-12-04 20:37:36,241 INFO 16960 [egg:core] dump config after load, 4ms
2018-12-04 20:37:36,275 INFO 16960 [egg-watcher:application] watcher start success
2018-12-04 20:37:36,297 INFO 16960 [egg:core] dump config after ready, 3ms
2018-12-04 20:37:42,664 WARN 16960 [http_server] A request `POST /signin` timeout with client (::1:54381)
2018-12-04 20:38:12,994 INFO 16973 [egg:logger] init all loggers with options: {"dir":"/Users/mac/Roy_Doc/webSite/admin/server/logs/sequelize-example","encoding":"utf8","env":"local","level":"INFO","consoleLevel":"INFO","disableConsoleAfterReady":false,"outputJSON":false,"buffer":true,"appLogName":"sequelize-example-web.log","coreLogName":"egg-web.log","agentLogName":"egg-agent.log","errorLogName":"common-error.log","coreLogger":{"consoleLevel":"WARN"},"allowDebugAtProd":false,"type":"application"}
2018-12-04 20:38:13,029 INFO 16973 [egg-schedule]: register schedule /Users/mac/Roy_Doc/webSite/admin/server/node_modules/egg-logrotator/app/schedule/clean_log.js
2018-12-04 20:38:13,029 INFO 16973 [egg-schedule]: register schedule /Users/mac/Roy_Doc/webSite/admin/server/node_modules/egg-logrotator/app/schedule/rotate_by_file.js
2018-12-04 20:38:13,029 INFO 16973 [egg-multipart] stream mode enable
2018-12-04 20:38:13,280 INFO 16973 [egg-static] starting static serve /public/ -> /Users/mac/Roy_Doc/webSite/admin/server/app/public
2018-12-04 20:38:13,282 INFO 16973 [egg-security] use methodnoallow middleware
2018-12-04 20:38:13,283 INFO 16973 [egg-security] use noopen middleware
2018-12-04 20:38:13,283 INFO 16973 [egg-security] use nosniff middleware
2018-12-04 20:38:13,283 INFO 16973 [egg-security] use xssProtection middleware
2018-12-04 20:38:13,284 INFO 16973 [egg-security] use xframe middleware
2018-12-04 20:38:13,284 INFO 16973 [egg-security] use dta middleware
2018-12-04 20:38:13,284 INFO 16973 [egg-security] compose 6 middlewares into one security middleware
2018-12-04 20:38:13,306 INFO 16973 [egg:core] dump config after load, 6ms
2018-12-04 20:38:13,338 INFO 16973 [egg-watcher:application] watcher start success
2018-12-04 20:38:13,354 INFO 16973 [egg:core] dump config after ready, 3ms
2018-12-04 20:39:35,629 INFO 17002 [egg:logger] init all loggers with options: {"dir":"/Users/mac/Roy_Doc/webSite/admin/server/logs/sequelize-example","encoding":"utf8","env":"local","level":"INFO","consoleLevel":"INFO","disableConsoleAfterReady":false,"outputJSON":false,"buffer":true,"appLogName":"sequelize-example-web.log","coreLogName":"egg-web.log","agentLogName":"egg-agent.log","errorLogName":"common-error.log","coreLogger":{"consoleLevel":"WARN"},"allowDebugAtProd":false,"type":"application"}
2018-12-04 20:39:35,658 INFO 17002 [egg-schedule]: register schedule /Users/mac/Roy_Doc/webSite/admin/server/node_modules/egg-logrotator/app/schedule/clean_log.js
2018-12-04 20:39:35,658 INFO 17002 [egg-schedule]: register schedule /Users/mac/Roy_Doc/webSite/admin/server/node_modules/egg-logrotator/app/schedule/rotate_by_file.js
2018-12-04 20:39:35,658 INFO 17002 [egg-multipart] stream mode enable
2018-12-04 20:39:35,913 INFO 17002 [egg-static] starting static serve /public/ -> /Users/mac/Roy_Doc/webSite/admin/server/app/public
2018-12-04 20:39:35,915 INFO 17002 [egg-security] use methodnoallow middleware
2018-12-04 20:39:35,916 INFO 17002 [egg-security] use noopen middleware
2018-12-04 20:39:35,916 INFO 17002 [egg-security] use nosniff middleware
2018-12-04 20:39:35,917 INFO 17002 [egg-security] use xssProtection middleware
2018-12-04 20:39:35,917 INFO 17002 [egg-security] use xframe middleware
2018-12-04 20:39:35,917 INFO 17002 [egg-security] use dta middleware
2018-12-04 20:39:35,917 INFO 17002 [egg-security] compose 6 middlewares into one security middleware
2018-12-04 20:39:35,926 INFO 17002 [egg:core] dump config after load, 4ms
2018-12-04 20:39:35,960 INFO 17002 [egg-watcher:application] watcher start success
2018-12-04 20:39:35,980 INFO 17002 [egg:core] dump config after ready, 3ms
2018-12-04 20:48:38,309 INFO 17177 [egg:logger] init all loggers with options: {"dir":"/Users/mac/Roy_Doc/webSite/admin/server/logs/sequelize-example","encoding":"utf8","env":"local","level":"INFO","consoleLevel":"INFO","disableConsoleAfterReady":false,"outputJSON":false,"buffer":true,"appLogName":"sequelize-example-web.log","coreLogName":"egg-web.log","agentLogName":"egg-agent.log","errorLogName":"common-error.log","coreLogger":{"consoleLevel":"WARN"},"allowDebugAtProd":false,"type":"application"}
2018-12-04 20:48:38,351 INFO 17177 [egg-schedule]: register schedule /Users/mac/Roy_Doc/webSite/admin/server/node_modules/egg-logrotator/app/schedule/clean_log.js
2018-12-04 20:48:38,351 INFO 17177 [egg-schedule]: register schedule /Users/mac/Roy_Doc/webSite/admin/server/node_modules/egg-logrotator/app/schedule/rotate_by_file.js
2018-12-04 20:48:38,352 INFO 17177 [egg-multipart] stream mode enable
2018-12-04 20:48:38,785 INFO 17177 [egg-static] starting static serve /public/ -> /Users/mac/Roy_Doc/webSite/admin/server/app/public
2018-12-04 20:48:38,787 INFO 17177 [egg-security] use methodnoallow middleware
2018-12-04 20:48:38,788 INFO 17177 [egg-security] use noopen middleware
2018-12-04 20:48:38,789 INFO 17177 [egg-security] use nosniff middleware
2018-12-04 20:48:38,790 INFO 17177 [egg-security] use xssProtection middleware
2018-12-04 20:48:38,790 INFO 17177 [egg-security] use xframe middleware
2018-12-04 20:48:38,791 INFO 17177 [egg-security] use dta middleware
2018-12-04 20:48:38,791 INFO 17177 [egg-security] compose 6 middlewares into one security middleware
2018-12-04 20:48:38,802 INFO 17177 [egg:core] dump config after load, 5ms
2018-12-04 20:48:38,837 INFO 17177 [egg-watcher:application] watcher start success
2018-12-04 20:48:38,859 INFO 17177 [egg:core] dump config after ready, 3ms
2018-12-04 20:48:39,373 INFO 17179 [egg:logger] init all loggers with options: {"dir":"/Users/mac/Roy_Doc/webSite/admin/server/logs/sequelize-example","encoding":"utf8","env":"local","level":"INFO","consoleLevel":"INFO","disableConsoleAfterReady":false,"outputJSON":false,"buffer":true,"appLogName":"sequelize-example-web.log","coreLogName":"egg-web.log","agentLogName":"egg-agent.log","errorLogName":"common-error.log","coreLogger":{"consoleLevel":"WARN"},"allowDebugAtProd":false,"type":"application"}
2018-12-04 20:48:39,407 INFO 17179 [egg-schedule]: register schedule /Users/mac/Roy_Doc/webSite/admin/server/node_modules/egg-logrotator/app/schedule/clean_log.js
2018-12-04 20:48:39,407 INFO 17179 [egg-schedule]: register schedule /Users/mac/Roy_Doc/webSite/admin/server/node_modules/egg-logrotator/app/schedule/rotate_by_file.js
2018-12-04 20:48:39,407 INFO 17179 [egg-multipart] stream mode enable
2018-12-04 20:48:39,658 INFO 17179 [egg-static] starting static serve /public/ -> /Users/mac/Roy_Doc/webSite/admin/server/app/public
2018-12-04 20:48:39,661 INFO 17179 [egg-security] use methodnoallow middleware
2018-12-04 20:48:39,662 INFO 17179 [egg-security] use noopen middleware
2018-12-04 20:48:39,662 INFO 17179 [egg-security] use nosniff middleware
2018-12-04 20:48:39,662 INFO 17179 [egg-security] use xssProtection middleware
2018-12-04 20:48:39,663 INFO 17179 [egg-security] use xframe middleware
2018-12-04 20:48:39,663 INFO 17179 [egg-security] use dta middleware
2018-12-04 20:48:39,663 INFO 17179 [egg-security] compose 6 middlewares into one security middleware
2018-12-04 20:48:39,672 INFO 17179 [egg:core] dump config after load, 5ms
2018-12-04 20:48:39,697 INFO 17179 [egg-watcher:application] watcher start success
2018-12-04 20:48:39,731 INFO 17179 [egg:core] dump config after ready, 3ms
2018-12-04 20:50:17,213 INFO 17212 [egg:logger] init all loggers with options: {"dir":"/Users/mac/Roy_Doc/webSite/admin/server/logs/sequelize-example","encoding":"utf8","env":"local","level":"INFO","consoleLevel":"INFO","disableConsoleAfterReady":false,"outputJSON":false,"buffer":true,"appLogName":"sequelize-example-web.log","coreLogName":"egg-web.log","agentLogName":"egg-agent.log","errorLogName":"common-error.log","coreLogger":{"consoleLevel":"WARN"},"allowDebugAtProd":false,"type":"application"}
2018-12-04 20:50:17,247 INFO 17212 [egg-schedule]: register schedule /Users/mac/Roy_Doc/webSite/admin/server/node_modules/egg-logrotator/app/schedule/clean_log.js
2018-12-04 20:50:17,247 INFO 17212 [egg-schedule]: register schedule /Users/mac/Roy_Doc/webSite/admin/server/node_modules/egg-logrotator/app/schedule/rotate_by_file.js
2018-12-04 20:50:17,248 INFO 17212 [egg-multipart] stream mode enable
2018-12-04 20:50:17,492 INFO 17212 [egg-static] starting static serve /public/ -> /Users/mac/Roy_Doc/webSite/admin/server/app/public
2018-12-04 20:50:17,494 INFO 17212 [egg-security] use methodnoallow middleware
2018-12-04 20:50:17,494 INFO 17212 [egg-security] use noopen middleware
2018-12-04 20:50:17,494 INFO 17212 [egg-security] use nosniff middleware
2018-12-04 20:50:17,495 INFO 17212 [egg-security] use xssProtection middleware
2018-12-04 20:50:17,495 INFO 17212 [egg-security] use xframe middleware
2018-12-04 20:50:17,495 INFO 17212 [egg-security] use dta middleware
2018-12-04 20:50:17,495 INFO 17212 [egg-security] compose 6 middlewares into one security middleware
2018-12-04 20:50:17,503 INFO 17212 [egg:core] dump config after load, 5ms
2018-12-04 20:50:17,537 INFO 17212 [egg-watcher:application] watcher start success
2018-12-04 20:50:17,560 INFO 17212 [egg:core] dump config after ready, 3ms
2018-12-04 20:50:18,082 INFO 17213 [egg:logger] init all loggers with options: {"dir":"/Users/mac/Roy_Doc/webSite/admin/server/logs/sequelize-example","encoding":"utf8","env":"local","level":"INFO","consoleLevel":"INFO","disableConsoleAfterReady":false,"outputJSON":false,"buffer":true,"appLogName":"sequelize-example-web.log","coreLogName":"egg-web.log","agentLogName":"egg-agent.log","errorLogName":"common-error.log","coreLogger":{"consoleLevel":"WARN"},"allowDebugAtProd":false,"type":"application"}
2018-12-04 20:50:18,116 INFO 17213 [egg-schedule]: register schedule /Users/mac/Roy_Doc/webSite/admin/server/node_modules/egg-logrotator/app/schedule/clean_log.js
2018-12-04 20:50:18,116 INFO 17213 [egg-schedule]: register schedule /Users/mac/Roy_Doc/webSite/admin/server/node_modules/egg-logrotator/app/schedule/rotate_by_file.js
2018-12-04 20:50:18,117 INFO 17213 [egg-multipart] stream mode enable
2018-12-04 20:50:18,354 INFO 17213 [egg-static] starting static serve /public/ -> /Users/mac/Roy_Doc/webSite/admin/server/app/public
2018-12-04 20:50:18,356 INFO 17213 [egg-security] use methodnoallow middleware
2018-12-04 20:50:18,357 INFO 17213 [egg-security] use noopen middleware
2018-12-04 20:50:18,357 INFO 17213 [egg-security] use nosniff middleware
2018-12-04 20:50:18,357 INFO 17213 [egg-security] use xssProtection middleware
2018-12-04 20:50:18,358 INFO 17213 [egg-security] use xframe middleware
2018-12-04 20:50:18,358 INFO 17213 [egg-security] use dta middleware
2018-12-04 20:50:18,358 INFO 17213 [egg-security] compose 6 middlewares into one security middleware
2018-12-04 20:50:18,367 INFO 17213 [egg:core] dump config after load, 5ms
2018-12-04 20:50:18,404 INFO 17213 [egg-watcher:application] watcher start success
2018-12-04 20:50:18,428 INFO 17213 [egg:core] dump config after ready, 4ms
2018-12-04 20:50:31,440 WARN 17213 [http_server] A request `POST /signin` timeout with client (::1:54612)
2018-12-04 20:50:45,076 WARN 17213 [http_server] A request `POST /signin` timeout with client (::1:54614)
2018-12-04 20:52:19,256 INFO 17253 [egg:logger] init all loggers with options: {"dir":"/Users/mac/Roy_Doc/webSite/admin/server/logs/sequelize-example","encoding":"utf8","env":"local","level":"INFO","consoleLevel":"INFO","disableConsoleAfterReady":false,"outputJSON":false,"buffer":true,"appLogName":"sequelize-example-web.log","coreLogName":"egg-web.log","agentLogName":"egg-agent.log","errorLogName":"common-error.log","coreLogger":{"consoleLevel":"WARN"},"allowDebugAtProd":false,"type":"application"}
2018-12-04 20:52:19,288 INFO 17253 [egg-schedule]: register schedule /Users/mac/Roy_Doc/webSite/admin/server/node_modules/egg-logrotator/app/schedule/clean_log.js
2018-12-04 20:52:19,288 INFO 17253 [egg-schedule]: register schedule /Users/mac/Roy_Doc/webSite/admin/server/node_modules/egg-logrotator/app/schedule/rotate_by_file.js
2018-12-04 20:52:19,288 INFO 17253 [egg-multipart] stream mode enable
2018-12-04 20:52:19,522 INFO 17253 [egg-static] starting static serve /public/ -> /Users/mac/Roy_Doc/webSite/admin/server/app/public
2018-12-04 20:52:19,524 INFO 17253 [egg-security] use methodnoallow middleware
2018-12-04 20:52:19,525 INFO 17253 [egg-security] use noopen middleware
2018-12-04 20:52:19,525 INFO 17253 [egg-security] use nosniff middleware
2018-12-04 20:52:19,525 INFO 17253 [egg-security] use xssProtection middleware
2018-12-04 20:52:19,526 INFO 17253 [egg-security] use xframe middleware
2018-12-04 20:52:19,526 INFO 17253 [egg-security] use dta middleware
2018-12-04 20:52:19,526 INFO 17253 [egg-security] compose 6 middlewares into one security middleware
2018-12-04 20:52:19,534 INFO 17253 [egg:core] dump config after load, 5ms
2018-12-04 20:52:19,567 INFO 17253 [egg-watcher:application] watcher start success
2018-12-04 20:52:19,589 INFO 17253 [egg:core] dump config after ready, 3ms
2018-12-04 20:54:24,707 INFO 17291 [egg:logger] init all loggers with options: {"dir":"/Users/mac/Roy_Doc/webSite/admin/server/logs/sequelize-example","encoding":"utf8","env":"local","level":"INFO","consoleLevel":"INFO","disableConsoleAfterReady":false,"outputJSON":false,"buffer":true,"appLogName":"sequelize-example-web.log","coreLogName":"egg-web.log","agentLogName":"egg-agent.log","errorLogName":"common-error.log","coreLogger":{"consoleLevel":"WARN"},"allowDebugAtProd":false,"type":"application"}
2018-12-04 20:54:24,743 INFO 17291 [egg-schedule]: register schedule /Users/mac/Roy_Doc/webSite/admin/server/node_modules/egg-logrotator/app/schedule/clean_log.js
2018-12-04 20:54:24,743 INFO 17291 [egg-schedule]: register schedule /Users/mac/Roy_Doc/webSite/admin/server/node_modules/egg-logrotator/app/schedule/rotate_by_file.js
2018-12-04 20:54:24,743 INFO 17291 [egg-multipart] stream mode enable
2018-12-04 20:54:24,991 INFO 17291 [egg-static] starting static serve /public/ -> /Users/mac/Roy_Doc/webSite/admin/server/app/public
2018-12-04 20:54:24,993 INFO 17291 [egg-security] use methodnoallow middleware
2018-12-04 20:54:24,993 INFO 17291 [egg-security] use noopen middleware
2018-12-04 20:54:24,993 INFO 17291 [egg-security] use nosniff middleware
2018-12-04 20:54:24,994 INFO 17291 [egg-security] use xssProtection middleware
2018-12-04 20:54:24,994 INFO 17291 [egg-security] use xframe middleware
2018-12-04 20:54:24,994 INFO 17291 [egg-security] use dta middleware
2018-12-04 20:54:24,994 INFO 17291 [egg-security] compose 6 middlewares into one security middleware
2018-12-04 20:54:25,003 INFO 17291 [egg:core] dump config after load, 5ms
2018-12-04 20:54:25,034 INFO 17291 [egg-watcher:application] watcher start success
2018-12-04 20:54:25,055 INFO 17291 [egg:core] dump config after ready, 3ms
2018-12-04 20:54:34,404 WARN 17291 [http_server] A request `POST /signin` timeout with client (::1:54641)
2018-12-04 20:55:04,464 INFO 17305 [egg:logger] init all loggers with options: {"dir":"/Users/mac/Roy_Doc/webSite/admin/server/logs/sequelize-example","encoding":"utf8","env":"local","level":"INFO","consoleLevel":"INFO","disableConsoleAfterReady":false,"outputJSON":false,"buffer":true,"appLogName":"sequelize-example-web.log","coreLogName":"egg-web.log","agentLogName":"egg-agent.log","errorLogName":"common-error.log","coreLogger":{"consoleLevel":"WARN"},"allowDebugAtProd":false,"type":"application"}
2018-12-04 20:55:04,493 INFO 17305 [egg-schedule]: register schedule /Users/mac/Roy_Doc/webSite/admin/server/node_modules/egg-logrotator/app/schedule/clean_log.js
2018-12-04 20:55:04,493 INFO 17305 [egg-schedule]: register schedule /Users/mac/Roy_Doc/webSite/admin/server/node_modules/egg-logrotator/app/schedule/rotate_by_file.js
2018-12-04 20:55:04,494 INFO 17305 [egg-multipart] stream mode enable
2018-12-04 20:55:04,736 INFO 17305 [egg-static] starting static serve /public/ -> /Users/mac/Roy_Doc/webSite/admin/server/app/public
2018-12-04 20:55:04,738 INFO 17305 [egg-security] use methodnoallow middleware
2018-12-04 20:55:04,738 INFO 17305 [egg-security] use noopen middleware
2018-12-04 20:55:04,738 INFO 17305 [egg-security] use nosniff middleware
2018-12-04 20:55:04,739 INFO 17305 [egg-security] use xssProtection middleware
2018-12-04 20:55:04,739 INFO 17305 [egg-security] use xframe middleware
2018-12-04 20:55:04,739 INFO 17305 [egg-security] use dta middleware
2018-12-04 20:55:04,739 INFO 17305 [egg-security] compose 6 middlewares into one security middleware
2018-12-04 20:55:04,748 INFO 17305 [egg:core] dump config after load, 5ms
2018-12-04 20:55:04,783 INFO 17305 [egg-watcher:application] watcher start success
2018-12-04 20:55:04,810 INFO 17305 [egg:core] dump config after ready, 3ms
2018-12-04 20:55:18,402 WARN 17305 [http_server] A request `POST /signin` timeout with client (::1:54652)
2018-12-04 20:55:34,373 INFO 17316 [egg:logger] init all loggers with options: {"dir":"/Users/mac/Roy_Doc/webSite/admin/server/logs/sequelize-example","encoding":"utf8","env":"local","level":"INFO","consoleLevel":"INFO","disableConsoleAfterReady":false,"outputJSON":false,"buffer":true,"appLogName":"sequelize-example-web.log","coreLogName":"egg-web.log","agentLogName":"egg-agent.log","errorLogName":"common-error.log","coreLogger":{"consoleLevel":"WARN"},"allowDebugAtProd":false,"type":"application"}
2018-12-04 20:55:34,406 INFO 17316 [egg-schedule]: register schedule /Users/mac/Roy_Doc/webSite/admin/server/node_modules/egg-logrotator/app/schedule/clean_log.js
2018-12-04 20:55:34,406 INFO 17316 [egg-schedule]: register schedule /Users/mac/Roy_Doc/webSite/admin/server/node_modules/egg-logrotator/app/schedule/rotate_by_file.js
2018-12-04 20:55:34,406 INFO 17316 [egg-multipart] stream mode enable
2018-12-04 20:55:34,648 INFO 17316 [egg-static] starting static serve /public/ -> /Users/mac/Roy_Doc/webSite/admin/server/app/public
2018-12-04 20:55:34,650 INFO 17316 [egg-security] use methodnoallow middleware
2018-12-04 20:55:34,650 INFO 17316 [egg-security] use noopen middleware
2018-12-04 20:55:34,651 INFO 17316 [egg-security] use nosniff middleware
2018-12-04 20:55:34,651 INFO 17316 [egg-security] use xssProtection middleware
2018-12-04 20:55:34,651 INFO 17316 [egg-security] use xframe middleware
2018-12-04 20:55:34,651 INFO 17316 [egg-security] use dta middleware
2018-12-04 20:55:34,651 INFO 17316 [egg-security] compose 6 middlewares into one security middleware
2018-12-04 20:55:34,660 INFO 17316 [egg:core] dump config after load, 5ms
2018-12-04 20:55:34,690 INFO 17316 [egg-watcher:application] watcher start success
2018-12-04 20:55:34,712 INFO 17316 [egg:core] dump config after ready, 3ms
2018-12-04 20:55:44,529 WARN 17316 [http_server] A request `POST /signin` timeout with client (::1:54661)
2018-12-04 20:56:19,277 WARN 17316 [http_server] A request `POST /signin` timeout with client (::1:54663)
2018-12-04 20:57:26,147 INFO 17353 [egg:logger] init all loggers with options: {"dir":"/Users/mac/Roy_Doc/webSite/admin/server/logs/sequelize-example","encoding":"utf8","env":"local","level":"INFO","consoleLevel":"INFO","disableConsoleAfterReady":false,"outputJSON":false,"buffer":true,"appLogName":"sequelize-example-web.log","coreLogName":"egg-web.log","agentLogName":"egg-agent.log","errorLogName":"common-error.log","coreLogger":{"consoleLevel":"WARN"},"allowDebugAtProd":false,"type":"application"}
2018-12-04 20:57:26,184 INFO 17353 [egg-schedule]: register schedule /Users/mac/Roy_Doc/webSite/admin/server/node_modules/egg-logrotator/app/schedule/clean_log.js
2018-12-04 20:57:26,184 INFO 17353 [egg-schedule]: register schedule /Users/mac/Roy_Doc/webSite/admin/server/node_modules/egg-logrotator/app/schedule/rotate_by_file.js
2018-12-04 20:57:26,185 INFO 17353 [egg-multipart] stream mode enable
2018-12-04 20:57:26,453 INFO 17353 [egg-static] starting static serve /public/ -> /Users/mac/Roy_Doc/webSite/admin/server/app/public
2018-12-04 20:57:26,455 INFO 17353 [egg-security] use methodnoallow middleware
2018-12-04 20:57:26,456 INFO 17353 [egg-security] use noopen middleware
2018-12-04 20:57:26,456 INFO 17353 [egg-security] use nosniff middleware
2018-12-04 20:57:26,456 INFO 17353 [egg-security] use xssProtection middleware
2018-12-04 20:57:26,456 INFO 17353 [egg-security] use xframe middleware
2018-12-04 20:57:26,457 INFO 17353 [egg-security] use dta middleware
2018-12-04 20:57:26,457 INFO 17353 [egg-security] compose 6 middlewares into one security middleware
2018-12-04 20:57:26,467 INFO 17353 [egg:core] dump config after load, 6ms
2018-12-04 20:57:26,499 INFO 17353 [egg-watcher:application] watcher start success
2018-12-04 20:57:26,516 INFO 17353 [egg:core] dump config after ready, 3ms
2018-12-04 20:57:37,131 WARN 17353 [http_server] A request `POST /signin` timeout with client (::1:54674)
2018-12-04 20:57:54,573 WARN 17353 [http_server] A request `POST /signin` timeout with client (::1:54676)
2018-12-04 20:58:11,881 INFO 17369 [egg:logger] init all loggers with options: {"dir":"/Users/mac/Roy_Doc/webSite/admin/server/logs/sequelize-example","encoding":"utf8","env":"local","level":"INFO","consoleLevel":"INFO","disableConsoleAfterReady":false,"outputJSON":false,"buffer":true,"appLogName":"sequelize-example-web.log","coreLogName":"egg-web.log","agentLogName":"egg-agent.log","errorLogName":"common-error.log","coreLogger":{"consoleLevel":"WARN"},"allowDebugAtProd":false,"type":"application"}
2018-12-04 20:58:11,911 INFO 17369 [egg-schedule]: register schedule /Users/mac/Roy_Doc/webSite/admin/server/node_modules/egg-logrotator/app/schedule/clean_log.js
2018-12-04 20:58:11,911 INFO 17369 [egg-schedule]: register schedule /Users/mac/Roy_Doc/webSite/admin/server/node_modules/egg-logrotator/app/schedule/rotate_by_file.js
2018-12-04 20:58:11,912 INFO 17369 [egg-multipart] stream mode enable
2018-12-04 20:58:12,141 INFO 17369 [egg-static] starting static serve /public/ -> /Users/mac/Roy_Doc/webSite/admin/server/app/public
2018-12-04 20:58:12,144 INFO 17369 [egg-security] use methodnoallow middleware
2018-12-04 20:58:12,144 INFO 17369 [egg-security] use noopen middleware
2018-12-04 20:58:12,144 INFO 17369 [egg-security] use nosniff middleware
2018-12-04 20:58:12,144 INFO 17369 [egg-security] use xssProtection middleware
2018-12-04 20:58:12,145 INFO 17369 [egg-security] use xframe middleware
2018-12-04 20:58:12,145 INFO 17369 [egg-security] use dta middleware
2018-12-04 20:58:12,145 INFO 17369 [egg-security] compose 6 middlewares into one security middleware
2018-12-04 20:58:12,156 INFO 17369 [egg:core] dump config after load, 7ms
2018-12-04 20:58:12,189 INFO 17369 [egg-watcher:application] watcher start success
2018-12-04 20:58:12,214 INFO 17369 [egg:core] dump config after ready, 3ms
2018-12-04 20:58:12,740 INFO 17370 [egg:logger] init all loggers with options: {"dir":"/Users/mac/Roy_Doc/webSite/admin/server/logs/sequelize-example","encoding":"utf8","env":"local","level":"INFO","consoleLevel":"INFO","disableConsoleAfterReady":false,"outputJSON":false,"buffer":true,"appLogName":"sequelize-example-web.log","coreLogName":"egg-web.log","agentLogName":"egg-agent.log","errorLogName":"common-error.log","coreLogger":{"consoleLevel":"WARN"},"allowDebugAtProd":false,"type":"application"}
2018-12-04 20:58:12,770 INFO 17370 [egg-schedule]: register schedule /Users/mac/Roy_Doc/webSite/admin/server/node_modules/egg-logrotator/app/schedule/clean_log.js
2018-12-04 20:58:12,770 INFO 17370 [egg-schedule]: register schedule /Users/mac/Roy_Doc/webSite/admin/server/node_modules/egg-logrotator/app/schedule/rotate_by_file.js
2018-12-04 20:58:12,770 INFO 17370 [egg-multipart] stream mode enable
2018-12-04 20:58:13,000 INFO 17370 [egg-static] starting static serve /public/ -> /Users/mac/Roy_Doc/webSite/admin/server/app/public
2018-12-04 20:58:13,002 INFO 17370 [egg-security] use methodnoallow middleware
2018-12-04 20:58:13,002 INFO 17370 [egg-security] use noopen middleware
2018-12-04 20:58:13,002 INFO 17370 [egg-security] use nosniff middleware
2018-12-04 20:58:13,003 INFO 17370 [egg-security] use xssProtection middleware
2018-12-04 20:58:13,003 INFO 17370 [egg-security] use xframe middleware
2018-12-04 20:58:13,003 INFO 17370 [egg-security] use dta middleware
2018-12-04 20:58:13,003 INFO 17370 [egg-security] compose 6 middlewares into one security middleware
2018-12-04 20:58:13,013 INFO 17370 [egg:core] dump config after load, 6ms
2018-12-04 20:58:13,062 INFO 17370 [egg-watcher:application] watcher start success
2018-12-04 20:58:13,210 INFO 17371 [egg:logger] init all loggers with options: {"dir":"/Users/mac/Roy_Doc/webSite/admin/server/logs/sequelize-example","encoding":"utf8","env":"local","level":"INFO","consoleLevel":"INFO","disableConsoleAfterReady":false,"outputJSON":false,"buffer":true,"appLogName":"sequelize-example-web.log","coreLogName":"egg-web.log","agentLogName":"egg-agent.log","errorLogName":"common-error.log","coreLogger":{"consoleLevel":"WARN"},"allowDebugAtProd":false,"type":"application"}
2018-12-04 20:58:13,244 INFO 17371 [egg-schedule]: register schedule /Users/mac/Roy_Doc/webSite/admin/server/node_modules/egg-logrotator/app/schedule/clean_log.js
2018-12-04 20:58:13,244 INFO 17371 [egg-schedule]: register schedule /Users/mac/Roy_Doc/webSite/admin/server/node_modules/egg-logrotator/app/schedule/rotate_by_file.js
2018-12-04 20:58:13,244 INFO 17371 [egg-multipart] stream mode enable
2018-12-04 20:58:13,479 INFO 17371 [egg-static] starting static serve /public/ -> /Users/mac/Roy_Doc/webSite/admin/server/app/public
2018-12-04 20:58:13,481 INFO 17371 [egg-security] use methodnoallow middleware
2018-12-04 20:58:13,482 INFO 17371 [egg-security] use noopen middleware
2018-12-04 20:58:13,482 INFO 17371 [egg-security] use nosniff middleware
2018-12-04 20:58:13,482 INFO 17371 [egg-security] use xssProtection middleware
2018-12-04 20:58:13,482 INFO 17371 [egg-security] use xframe middleware
2018-12-04 20:58:13,483 INFO 17371 [egg-security] use dta middleware
2018-12-04 20:58:13,483 INFO 17371 [egg-security] compose 6 middlewares into one security middleware
2018-12-04 20:58:13,492 INFO 17371 [egg:core] dump config after load, 6ms
2018-12-04 20:58:13,536 INFO 17371 [egg-watcher:application] watcher start success
2018-12-04 20:58:13,559 INFO 17371 [egg:core] dump config after ready, 3ms
2018-12-04 20:58:40,978 INFO 17385 [egg:logger] init all loggers with options: {"dir":"/Users/mac/Roy_Doc/webSite/admin/server/logs/sequelize-example","encoding":"utf8","env":"local","level":"INFO","consoleLevel":"INFO","disableConsoleAfterReady":false,"outputJSON":false,"buffer":true,"appLogName":"sequelize-example-web.log","coreLogName":"egg-web.log","agentLogName":"egg-agent.log","errorLogName":"common-error.log","coreLogger":{"consoleLevel":"WARN"},"allowDebugAtProd":false,"type":"application"}
2018-12-04 20:58:41,010 INFO 17385 [egg-schedule]: register schedule /Users/mac/Roy_Doc/webSite/admin/server/node_modules/egg-logrotator/app/schedule/clean_log.js
2018-12-04 20:58:41,010 INFO 17385 [egg-schedule]: register schedule /Users/mac/Roy_Doc/webSite/admin/server/node_modules/egg-logrotator/app/schedule/rotate_by_file.js
2018-12-04 20:58:41,010 INFO 17385 [egg-multipart] stream mode enable
2018-12-04 20:58:41,234 INFO 17385 [egg-static] starting static serve /public/ -> /Users/mac/Roy_Doc/webSite/admin/server/app/public
2018-12-04 20:58:41,236 INFO 17385 [egg-security] use methodnoallow middleware
2018-12-04 20:58:41,237 INFO 17385 [egg-security] use noopen middleware
2018-12-04 20:58:41,237 INFO 17385 [egg-security] use nosniff middleware
2018-12-04 20:58:41,237 INFO 17385 [egg-security] use xssProtection middleware
2018-12-04 20:58:41,237 INFO 17385 [egg-security] use xframe middleware
2018-12-04 20:58:41,238 INFO 17385 [egg-security] use dta middleware
2018-12-04 20:58:41,238 INFO 17385 [egg-security] compose 6 middlewares into one security middleware
2018-12-04 20:58:41,247 INFO 17385 [egg:core] dump config after load, 6ms
2018-12-04 20:58:41,279 INFO 17385 [egg-watcher:application] watcher start success
2018-12-04 20:58:41,302 INFO 17385 [egg:core] dump config after ready, 4ms
2018-12-04 20:58:41,824 INFO 17386 [egg:logger] init all loggers with options: {"dir":"/Users/mac/Roy_Doc/webSite/admin/server/logs/sequelize-example","encoding":"utf8","env":"local","level":"INFO","consoleLevel":"INFO","disableConsoleAfterReady":false,"outputJSON":false,"buffer":true,"appLogName":"sequelize-example-web.log","coreLogName":"egg-web.log","agentLogName":"egg-agent.log","errorLogName":"common-error.log","coreLogger":{"consoleLevel":"WARN"},"allowDebugAtProd":false,"type":"application"}
2018-12-04 20:58:41,858 INFO 17386 [egg-schedule]: register schedule /Users/mac/Roy_Doc/webSite/admin/server/node_modules/egg-logrotator/app/schedule/clean_log.js
2018-12-04 20:58:41,858 INFO 17386 [egg-schedule]: register schedule /Users/mac/Roy_Doc/webSite/admin/server/node_modules/egg-logrotator/app/schedule/rotate_by_file.js
2018-12-04 20:58:41,859 INFO 17386 [egg-multipart] stream mode enable
2018-12-04 20:58:42,111 INFO 17386 [egg-static] starting static serve /public/ -> /Users/mac/Roy_Doc/webSite/admin/server/app/public
2018-12-04 20:58:42,114 INFO 17386 [egg-security] use methodnoallow middleware
2018-12-04 20:58:42,114 INFO 17386 [egg-security] use noopen middleware
2018-12-04 20:58:42,114 INFO 17386 [egg-security] use nosniff middleware
2018-12-04 20:58:42,115 INFO 17386 [egg-security] use xssProtection middleware
2018-12-04 20:58:42,115 INFO 17386 [egg-security] use xframe middleware
2018-12-04 20:58:42,115 INFO 17386 [egg-security] use dta middleware
2018-12-04 20:58:42,115 INFO 17386 [egg-security] compose 6 middlewares into one security middleware
2018-12-04 20:58:42,124 INFO 17386 [egg:core] dump config after load, 5ms
2018-12-04 20:58:42,164 INFO 17386 [egg-watcher:application] watcher start success
2018-12-04 20:58:42,180 INFO 17386 [egg:core] dump config after ready, 3ms
2018-12-04 20:58:55,300 WARN 17386 [http_server] A request `POST /signin` timeout with client (::1:54699)
2018-12-04 21:30:10,099 WARN 17386 [http_server] A request `POST /signin` timeout with client (::1:54846)
2018-12-04 21:34:37,419 WARN 17386 [http_server] A request `POST /signin` timeout with client (::1:54871)
2018-12-04 21:34:49,506 WARN 17386 [http_server] A request `POST /signin` timeout with client (::1:54874)
2018-12-04 21:35:12,419 WARN 17386 [http_server] A request `POST /signin` timeout with client (::1:54880)
2018-12-04 21:35:37,119 WARN 17386 [http_server] A request `POST /signin` timeout with client (::1:54892)
2018-12-05 21:31:29,983 INFO 34513 [egg:logger] init all loggers with options: {"dir":"/Users/mac/Roy_Doc/webSite/admin/server/logs/sequelize-example","encoding":"utf8","env":"local","level":"INFO","consoleLevel":"INFO","disableConsoleAfterReady":false,"outputJSON":false,"buffer":true,"appLogName":"sequelize-example-web.log","coreLogName":"egg-web.log","agentLogName":"egg-agent.log","errorLogName":"common-error.log","coreLogger":{"consoleLevel":"WARN"},"allowDebugAtProd":false,"type":"application"}
2018-12-05 21:31:30,015 INFO 34513 [egg-schedule]: register schedule /Users/mac/Roy_Doc/webSite/admin/server/node_modules/egg-logrotator/app/schedule/clean_log.js
2018-12-05 21:31:30,015 INFO 34513 [egg-schedule]: register schedule /Users/mac/Roy_Doc/webSite/admin/server/node_modules/egg-logrotator/app/schedule/rotate_by_file.js
2018-12-05 21:31:30,016 INFO 34513 [egg-multipart] stream mode enable
2018-12-05 21:31:30,315 INFO 34513 [egg-static] starting static serve /public/ -> /Users/mac/Roy_Doc/webSite/admin/server/app/public
2018-12-05 21:31:30,318 INFO 34513 [egg-security] use methodnoallow middleware
2018-12-05 21:31:30,319 INFO 34513 [egg-security] use noopen middleware
2018-12-05 21:31:30,321 INFO 34513 [egg-security] use nosniff middleware
2018-12-05 21:31:30,322 INFO 34513 [egg-security] use xssProtection middleware
2018-12-05 21:31:30,322 INFO 34513 [egg-security] use xframe middleware
2018-12-05 21:31:30,323 INFO 34513 [egg-security] use dta middleware
2018-12-05 21:31:30,323 INFO 34513 [egg-security] compose 6 middlewares into one security middleware
2018-12-05 21:31:30,336 INFO 34513 [egg:core] dump config after load, 7ms
2018-12-05 21:31:30,369 INFO 34513 [egg-watcher:application] watcher start success
2018-12-05 21:31:30,388 INFO 34513 [egg:core] dump config after ready, 2ms
2018-12-05 21:46:03,231 INFO 34827 [egg:logger] init all loggers with options: {"dir":"/Users/mac/Roy_Doc/webSite/admin/server/logs/sequelize-example","encoding":"utf8","env":"local","level":"INFO","consoleLevel":"INFO","disableConsoleAfterReady":false,"outputJSON":false,"buffer":true,"appLogName":"sequelize-example-web.log","coreLogName":"egg-web.log","agentLogName":"egg-agent.log","errorLogName":"common-error.log","coreLogger":{"consoleLevel":"WARN"},"allowDebugAtProd":false,"type":"application"}
2018-12-05 21:46:03,276 INFO 34827 [egg-schedule]: register schedule /Users/mac/Roy_Doc/webSite/admin/server/node_modules/egg-logrotator/app/schedule/clean_log.js
2018-12-05 21:46:03,276 INFO 34827 [egg-schedule]: register schedule /Users/mac/Roy_Doc/webSite/admin/server/node_modules/egg-logrotator/app/schedule/rotate_by_file.js
2018-12-05 21:46:03,277 INFO 34827 [egg-multipart] stream mode enable
2018-12-05 21:46:03,731 INFO 34827 [egg-static] starting static serve /public/ -> /Users/mac/Roy_Doc/webSite/admin/server/app/public
2018-12-05 21:46:03,734 INFO 34827 [egg-security] use methodnoallow middleware
2018-12-05 21:46:03,735 INFO 34827 [egg-security] use noopen middleware
2018-12-05 21:46:03,736 INFO 34827 [egg-security] use nosniff middleware
2018-12-05 21:46:03,737 INFO 34827 [egg-security] use xssProtection middleware
2018-12-05 21:46:03,738 INFO 34827 [egg-security] use xframe middleware
2018-12-05 21:46:03,739 INFO 34827 [egg-security] use dta middleware
2018-12-05 21:46:03,739 INFO 34827 [egg-security] compose 6 middlewares into one security middleware
2018-12-05 21:46:03,754 INFO 34827 [egg:core] dump config after load, 7ms
2018-12-05 21:46:03,796 INFO 34827 [egg-watcher:application] watcher start success
2018-12-05 21:46:03,823 INFO 34827 [egg:core] dump config after ready, 4ms
2018-12-05 21:46:04,404 INFO 34829 [egg:logger] init all loggers with options: {"dir":"/Users/mac/Roy_Doc/webSite/admin/server/logs/sequelize-example","encoding":"utf8","env":"local","level":"INFO","consoleLevel":"INFO","disableConsoleAfterReady":false,"outputJSON":false,"buffer":true,"appLogName":"sequelize-example-web.log","coreLogName":"egg-web.log","agentLogName":"egg-agent.log","errorLogName":"common-error.log","coreLogger":{"consoleLevel":"WARN"},"allowDebugAtProd":false,"type":"application"}
2018-12-05 21:46:04,436 INFO 34829 [egg-schedule]: register schedule /Users/mac/Roy_Doc/webSite/admin/server/node_modules/egg-logrotator/app/schedule/clean_log.js
2018-12-05 21:46:04,436 INFO 34829 [egg-schedule]: register schedule /Users/mac/Roy_Doc/webSite/admin/server/node_modules/egg-logrotator/app/schedule/rotate_by_file.js
2018-12-05 21:46:04,437 INFO 34829 [egg-multipart] stream mode enable
2018-12-05 21:46:04,690 INFO 34829 [egg-static] starting static serve /public/ -> /Users/mac/Roy_Doc/webSite/admin/server/app/public
2018-12-05 21:46:04,693 INFO 34829 [egg-security] use methodnoallow middleware
2018-12-05 21:46:04,693 INFO 34829 [egg-security] use noopen middleware
2018-12-05 21:46:04,694 INFO 34829 [egg-security] use nosniff middleware
2018-12-05 21:46:04,694 INFO 34829 [egg-security] use xssProtection middleware
2018-12-05 21:46:04,695 INFO 34829 [egg-security] use xframe middleware
2018-12-05 21:46:04,695 INFO 34829 [egg-security] use dta middleware
2018-12-05 21:46:04,695 INFO 34829 [egg-security] compose 6 middlewares into one security middleware
2018-12-05 21:46:04,704 INFO 34829 [egg:core] dump config after load, 6ms
2018-12-05 21:46:04,744 INFO 34829 [egg-watcher:application] watcher start success
2018-12-05 21:46:04,770 INFO 34829 [egg:core] dump config after ready, 5ms
2018-12-05 21:53:00,114 INFO 34988 [egg:logger] init all loggers with options: {"dir":"/Users/mac/Roy_Doc/webSite/admin/server/logs/sequelize-example","encoding":"utf8","env":"local","level":"INFO","consoleLevel":"INFO","disableConsoleAfterReady":false,"outputJSON":false,"buffer":true,"appLogName":"sequelize-example-web.log","coreLogName":"egg-web.log","agentLogName":"egg-agent.log","errorLogName":"common-error.log","coreLogger":{"consoleLevel":"WARN"},"allowDebugAtProd":false,"type":"application"}
2018-12-05 21:53:00,156 INFO 34988 [egg-schedule]: register schedule /Users/mac/Roy_Doc/webSite/admin/server/node_modules/egg-logrotator/app/schedule/clean_log.js
2018-12-05 21:53:00,156 INFO 34988 [egg-schedule]: register schedule /Users/mac/Roy_Doc/webSite/admin/server/node_modules/egg-logrotator/app/schedule/rotate_by_file.js
2018-12-05 21:53:00,157 INFO 34988 [egg-multipart] stream mode enable
2018-12-05 21:53:00,671 INFO 34988 [egg-static] starting static serve /public/ -> /Users/mac/Roy_Doc/webSite/admin/server/app/public
2018-12-05 21:53:00,674 INFO 34988 [egg-security] use methodnoallow middleware
2018-12-05 21:53:00,675 INFO 34988 [egg-security] use noopen middleware
2018-12-05 21:53:00,676 INFO 34988 [egg-security] use nosniff middleware
2018-12-05 21:53:00,676 INFO 34988 [egg-security] use xssProtection middleware
2018-12-05 21:53:00,677 INFO 34988 [egg-security] use xframe middleware
2018-12-05 21:53:00,677 INFO 34988 [egg-security] use dta middleware
2018-12-05 21:53:00,677 INFO 34988 [egg-security] compose 6 middlewares into one security middleware
2018-12-05 21:53:00,689 INFO 34988 [egg:core] dump config after load, 5ms
2018-12-05 21:53:00,740 INFO 34988 [egg-watcher:application] watcher start success
2018-12-05 21:53:00,763 INFO 34988 [egg:core] dump config after ready, 3ms
2018-12-05 21:53:01,290 INFO 34990 [egg:logger] init all loggers with options: {"dir":"/Users/mac/Roy_Doc/webSite/admin/server/logs/sequelize-example","encoding":"utf8","env":"local","level":"INFO","consoleLevel":"INFO","disableConsoleAfterReady":false,"outputJSON":false,"buffer":true,"appLogName":"sequelize-example-web.log","coreLogName":"egg-web.log","agentLogName":"egg-agent.log","errorLogName":"common-error.log","coreLogger":{"consoleLevel":"WARN"},"allowDebugAtProd":false,"type":"application"}
2018-12-05 21:53:01,320 INFO 34990 [egg-schedule]: register schedule /Users/mac/Roy_Doc/webSite/admin/server/node_modules/egg-logrotator/app/schedule/clean_log.js
2018-12-05 21:53:01,320 INFO 34990 [egg-schedule]: register schedule /Users/mac/Roy_Doc/webSite/admin/server/node_modules/egg-logrotator/app/schedule/rotate_by_file.js
2018-12-05 21:53:01,321 INFO 34990 [egg-multipart] stream mode enable
2018-12-05 21:53:01,559 INFO 34990 [egg-static] starting static serve /public/ -> /Users/mac/Roy_Doc/webSite/admin/server/app/public
2018-12-05 21:53:01,561 INFO 34990 [egg-security] use methodnoallow middleware
2018-12-05 21:53:01,561 INFO 34990 [egg-security] use noopen middleware
2018-12-05 21:53:01,562 INFO 34990 [egg-security] use nosniff middleware
2018-12-05 21:53:01,562 INFO 34990 [egg-security] use xssProtection middleware
2018-12-05 21:53:01,562 INFO 34990 [egg-security] use xframe middleware
2018-12-05 21:53:01,562 INFO 34990 [egg-security] use dta middleware
2018-12-05 21:53:01,562 INFO 34990 [egg-security] compose 6 middlewares into one security middleware
2018-12-05 21:53:01,571 INFO 34990 [egg:core] dump config after load, 4ms
2018-12-05 21:53:01,607 INFO 34990 [egg-watcher:application] watcher start success
2018-12-05 21:53:01,631 INFO 34990 [egg:core] dump config after ready, 4ms
2018-12-05 21:57:10,159 INFO 35086 [egg:logger] init all loggers with options: {"dir":"/Users/mac/Roy_Doc/webSite/admin/server/logs/sequelize-example","encoding":"utf8","env":"local","level":"INFO","consoleLevel":"INFO","disableConsoleAfterReady":false,"outputJSON":false,"buffer":true,"appLogName":"sequelize-example-web.log","coreLogName":"egg-web.log","agentLogName":"egg-agent.log","errorLogName":"common-error.log","coreLogger":{"consoleLevel":"WARN"},"allowDebugAtProd":false,"type":"application"}
2018-12-05 21:57:10,204 INFO 35086 [egg-schedule]: register schedule /Users/mac/Roy_Doc/webSite/admin/server/node_modules/egg-logrotator/app/schedule/clean_log.js
2018-12-05 21:57:10,204 INFO 35086 [egg-schedule]: register schedule /Users/mac/Roy_Doc/webSite/admin/server/node_modules/egg-logrotator/app/schedule/rotate_by_file.js
2018-12-05 21:57:10,204 INFO 35086 [egg-multipart] stream mode enable
2018-12-05 21:57:10,767 INFO 35086 [egg-static] starting static serve /public/ -> /Users/mac/Roy_Doc/webSite/admin/server/app/public
2018-12-05 21:57:10,771 INFO 35086 [egg-security] use methodnoallow middleware
2018-12-05 21:57:10,771 INFO 35086 [egg-security] use noopen middleware
2018-12-05 21:57:10,772 INFO 35086 [egg-security] use nosniff middleware
2018-12-05 21:57:10,773 INFO 35086 [egg-security] use xssProtection middleware
2018-12-05 21:57:10,774 INFO 35086 [egg-security] use xframe middleware
2018-12-05 21:57:10,774 INFO 35086 [egg-security] use dta middleware
2018-12-05 21:57:10,774 INFO 35086 [egg-security] compose 6 middlewares into one security middleware
2018-12-05 21:57:10,787 INFO 35086 [egg:core] dump config after load, 6ms
2018-12-05 21:57:10,830 INFO 35086 [egg-watcher:application] watcher start success
2018-12-05 21:57:10,860 INFO 35086 [egg:core] dump config after ready, 4ms
2018-12-05 21:57:11,369 INFO 35088 [egg:logger] init all loggers with options: {"dir":"/Users/mac/Roy_Doc/webSite/admin/server/logs/sequelize-example","encoding":"utf8","env":"local","level":"INFO","consoleLevel":"INFO","disableConsoleAfterReady":false,"outputJSON":false,"buffer":true,"appLogName":"sequelize-example-web.log","coreLogName":"egg-web.log","agentLogName":"egg-agent.log","errorLogName":"common-error.log","coreLogger":{"consoleLevel":"WARN"},"allowDebugAtProd":false,"type":"application"}
2018-12-05 21:57:11,402 INFO 35088 [egg-schedule]: register schedule /Users/mac/Roy_Doc/webSite/admin/server/node_modules/egg-logrotator/app/schedule/clean_log.js
2018-12-05 21:57:11,402 INFO 35088 [egg-schedule]: register schedule /Users/mac/Roy_Doc/webSite/admin/server/node_modules/egg-logrotator/app/schedule/rotate_by_file.js
2018-12-05 21:57:11,402 INFO 35088 [egg-multipart] stream mode enable
2018-12-05 21:57:11,779 INFO 35088 [egg-static] starting static serve /public/ -> /Users/mac/Roy_Doc/webSite/admin/server/app/public
2018-12-05 21:57:11,782 INFO 35088 [egg-security] use methodnoallow middleware
2018-12-05 21:57:11,782 INFO 35088 [egg-security] use noopen middleware
2018-12-05 21:57:11,782 INFO 35088 [egg-security] use nosniff middleware
2018-12-05 21:57:11,783 INFO 35088 [egg-security] use xssProtection middleware
2018-12-05 21:57:11,783 INFO 35088 [egg-security] use xframe middleware
2018-12-05 21:57:11,784 INFO 35088 [egg-security] use dta middleware
2018-12-05 21:57:11,784 INFO 35088 [egg-security] compose 6 middlewares into one security middleware
2018-12-05 21:57:11,792 INFO 35088 [egg:core] dump config after load, 4ms
2018-12-05 21:57:11,826 INFO 35088 [egg-watcher:application] watcher start success
2018-12-05 21:57:11,844 INFO 35088 [egg:core] dump config after ready, 3ms
