2018-12-04 20:26:54,792 INFO 16692 [egg-sequelize](1ms) Executed (default): SELECT 1+1 AS result
2018-12-04 20:33:04,433 INFO 16863 [egg-sequelize](1ms) Executed (default): SELECT 1+1 AS result
2018-12-04 20:33:48,149 INFO 16884 [egg-sequelize](1ms) Executed (default): SELECT 1+1 AS result
2018-12-04 20:33:50,357 WARN 16884 [-/::1/-/11ms POST /signin] [ { message: 'required', field: 'nickName', code: 'missing_field' },
  { message: 'required', field: 'password', code: 'missing_field' } ]
2018-12-04 20:34:23,518 WARN 16884 [-/::1/-/2ms POST /signin] [ { message: 'required', field: 'password', code: 'missing_field' } ]
2018-12-04 20:35:15,844 INFO 16911 [egg-sequelize](0ms) Executed (default): SELECT 1+1 AS result
2018-12-04 20:35:48,068 INFO 16924 [egg-sequelize](1ms) Executed (default): SELECT 1+1 AS result
2018-12-04 20:35:52,622 WARN 16924 [-/::1/-/15ms POST /signin] undefined
2018-12-04 20:36:06,614 INFO 16932 [egg-sequelize](1ms) Executed (default): SELECT 1+1 AS result
2018-12-04 20:37:36,290 INFO 16960 [egg-sequelize](1ms) Executed (default): SELECT 1+1 AS result
2018-12-04 20:38:13,348 INFO 16973 [egg-sequelize](1ms) Executed (default): SELECT 1+1 AS result
2018-12-04 20:39:35,973 INFO 17002 [egg-sequelize](1ms) Executed (default): SELECT 1+1 AS result
2018-12-04 20:48:38,853 INFO 17177 [egg-sequelize](1ms) Executed (default): SELECT 1+1 AS result
2018-12-04 20:48:39,723 INFO 17179 [egg-sequelize](1ms) Executed (default): SELECT 1+1 AS result
2018-12-04 20:50:17,553 INFO 17212 [egg-sequelize](1ms) Executed (default): SELECT 1+1 AS result
2018-12-04 20:50:18,421 INFO 17213 [egg-sequelize](1ms) Executed (default): SELECT 1+1 AS result
2018-12-04 20:50:26,422 INFO 17213 [egg-sequelize](2ms) Executed (default): SELECT `id`, `nick_name`, `password`, `created_at`, `updated_at` FROM `users` AS `user` WHERE `user`.`nickName` = 'TryaWcj' AND `user`.`password` = 'Number(27)';
2018-12-04 20:50:26,431 WARN 17213 [-/::1/-/38ms POST /signin] undefined
2018-12-04 20:50:40,073 INFO 17213 [egg-sequelize](1ms) Executed (default): SELECT `id`, `nick_name`, `password`, `created_at`, `updated_at` FROM `users` AS `user` WHERE `user`.`nickName` = 'TryaWcj' AND `user`.`password` = '123456';
2018-12-04 20:50:40,075 WARN 17213 [-/::1/-/10ms POST /signin] undefined
2018-12-04 20:52:19,582 INFO 17253 [egg-sequelize](1ms) Executed (default): SELECT 1+1 AS result
2018-12-04 20:54:25,049 INFO 17291 [egg-sequelize](1ms) Executed (default): SELECT 1+1 AS result
2018-12-04 20:54:29,399 INFO 17291 [egg-sequelize](1ms) Executed (default): SELECT `id`, `nick_name`, `password`, `created_at`, `updated_at` FROM `users` AS `user` WHERE `user`.`nick_name` = 'TryaWcj' AND `user`.`password` = 'e10adc3949ba59abbe56e057f20f883e';
2018-12-04 20:55:04,804 INFO 17305 [egg-sequelize](1ms) Executed (default): SELECT 1+1 AS result
2018-12-04 20:55:13,392 INFO 17305 [egg-sequelize](1ms) Executed (default): SELECT `id`, `nick_name`, `password`, `created_at`, `updated_at` FROM `users` AS `user` WHERE `user`.`nick_name` = 'TryaWcj' AND `user`.`password` = 'e10adc3949ba59abbe56e057f20f883e';
2018-12-04 20:55:34,706 INFO 17316 [egg-sequelize](1ms) Executed (default): SELECT 1+1 AS result
2018-12-04 20:55:39,520 INFO 17316 [egg-sequelize](1ms) Executed (default): SELECT `id`, `nick_name`, `password`, `created_at`, `updated_at` FROM `users` AS `user` WHERE `user`.`nick_name` = 'TryaWcj' AND `user`.`password` = 'e10adc3949ba59abbe56e057f20f883e';
2018-12-04 20:56:14,270 INFO 17316 [egg-sequelize](1ms) Executed (default): SELECT `id`, `nick_name`, `password`, `created_at`, `updated_at` FROM `users` AS `user` WHERE `user`.`nick_name` = 'Roy' AND `user`.`password` = '6e14c385c3b079eb8455e0b30f9821a7';
2018-12-04 20:57:26,510 INFO 17353 [egg-sequelize](1ms) Executed (default): SELECT 1+1 AS result
2018-12-04 20:57:28,681 INFO 17353 [egg-sequelize](2ms) Executed (default): SELECT `id`, `nick_name`, `password`, `created_at`, `updated_at` FROM `users` AS `user` WHERE `user`.`nick_name` = 'Roy' AND `user`.`password` = '6e14c385c3b079eb8455e0b30f9821a7';
2018-12-04 20:57:32,128 INFO 17353 [egg-sequelize](0ms) Executed (default): SELECT `id`, `nick_name`, `password`, `created_at`, `updated_at` FROM `users` AS `user` WHERE `user`.`nick_name` = 'Roy' AND `user`.`password` = 'd8e2820b2d4b3f03eefde4499411a938';
2018-12-04 20:57:46,369 WARN 17353 [-/::1/-/1ms POST /signin] [ { message: 'required', field: 'nickName', code: 'missing_field' } ]
2018-12-04 20:57:49,567 INFO 17353 [egg-sequelize](1ms) Executed (default): SELECT `id`, `nick_name`, `password`, `created_at`, `updated_at` FROM `users` AS `user` WHERE `user`.`nick_name` = 'Roy' AND `user`.`password` = 'd8e2820b2d4b3f03eefde4499411a938';
2018-12-04 20:58:12,208 INFO 17369 [egg-sequelize](0ms) Executed (default): SELECT 1+1 AS result
2018-12-04 20:58:13,553 INFO 17371 [egg-sequelize](0ms) Executed (default): SELECT 1+1 AS result
2018-12-04 20:58:41,295 INFO 17385 [egg-sequelize](1ms) Executed (default): SELECT 1+1 AS result
2018-12-04 20:58:42,174 INFO 17386 [egg-sequelize](1ms) Executed (default): SELECT 1+1 AS result
2018-12-04 20:58:50,289 INFO 17386 [egg-sequelize](1ms) Executed (default): SELECT `id`, `nick_name`, `password`, `created_at`, `updated_at` FROM `users` AS `user` WHERE `user`.`nick_name` = 'Roy' AND `user`.`password` = 'd8e2820b2d4b3f03eefde4499411a938';
2018-12-04 21:30:05,091 INFO 17386 [egg-sequelize](1ms) Executed (default): SELECT `id`, `nick_name`, `password`, `created_at`, `updated_at` FROM `users` AS `user` WHERE `user`.`nick_name` = 'Roy' AND `user`.`password` = 'd8e2820b2d4b3f03eefde4499411a938';
2018-12-04 21:34:32,415 INFO 17386 [egg-sequelize](1ms) Executed (default): SELECT `id`, `nick_name`, `password`, `created_at`, `updated_at` FROM `users` AS `user` WHERE `user`.`nick_name` = 'Roy' AND `user`.`password` = 'd8e2820b2d4b3f03eefde4499411a938';
2018-12-04 21:34:44,504 INFO 17386 [egg-sequelize](2ms) Executed (default): SELECT `id`, `nick_name`, `password`, `created_at`, `updated_at` FROM `users` AS `user` WHERE `user`.`nick_name` = 'Roy' AND `user`.`password` = '6e14c385c3b079eb8455e0b30f9821a7';
2018-12-04 21:35:07,414 INFO 17386 [egg-sequelize](1ms) Executed (default): SELECT `id`, `nick_name`, `password`, `created_at`, `updated_at` FROM `users` AS `user` WHERE `user`.`nick_name` = 'Luna' AND `user`.`password` = '6e14c385c3b079eb8455e0b30f9821a7';
2018-12-04 21:35:32,112 INFO 17386 [egg-sequelize](1ms) Executed (default): SELECT `id`, `nick_name`, `password`, `created_at`, `updated_at` FROM `users` AS `user` WHERE `user`.`nick_name` = 'Luna' AND `user`.`password` = '3a7677192a66483ad8d8667fb68d8247';
